<?xml version="1.0" encoding="UTF-8" ?>
<testsuite tests="4" failures="0" name="features.feature_1.RunCucumberTest" time="54.21" errors="0" skipped="0">
  <properties>
[...]
</properties>
  <testcase classname="Add Admin Feature in Admin Page" name="EMPTY_NAME" time="17.679"/>
  <testcase classname="Add Admin Feature in Admin Page" name="EMPTY_NAME" time="12.65"/>
  <testcase classname="Add Admin Feature in Admin Page" name="EMPTY_NAME" time="11.947"/>
  <testcase classname="Add Admin Feature in Admin Page" name="EMPTY_NAME" time="11.934"/>
</testsuite>