<?xml version="1.0" encoding="UTF-8" ?>
<testsuite tests="28" failures="0" name="features.feature.RunCucumberTest" time="315.392" errors="0" skipped="0">
  <properties>
[...]
</properties>
  <testcase classname="Accounts Menu Feature in Admin Page" name="EMPTY_NAME" time="18.709"/>
  <testcase classname="Accounts Menu Feature in Admin Page" name="EMPTY_NAME" time="9.344"/>
  <testcase classname="Accounts Menu Feature in Admin Page" name="EMPTY_NAME" time="9.977"/>
  <testcase classname="Accounts Menu Feature in Admin Page" name="EMPTY_NAME" time="9.963"/>
  <testcase classname="Add Admin Feature in Admin Page" name="EMPTY_NAME" time="11.945"/>
  <testcase classname="Add Admin Feature in Admin Page" name="EMPTY_NAME" time="12.2"/>
  <testcase classname="Add Admin Feature in Admin Page" name="EMPTY_NAME" time="11.916"/>
  <testcase classname="Add Admin Feature in Admin Page" name="EMPTY_NAME" time="13.39"/>
  <testcase classname="Add Offer Feature in Admin Page" name="EMPTY_NAME" time="14.054"/>
  <testcase classname="Add Offer Feature in Admin Page" name="EMPTY_NAME" time="13.226"/>
  <testcase classname="Add Supplier Feature in Admin Page" name="EMPTY_NAME" time="13.612"/>
  <testcase classname="Add Supplier Feature in Admin Page" name="EMPTY_NAME" time="12.602"/>
  <testcase classname="Add Supplier Feature in Admin Page" name="EMPTY_NAME" time="12.4"/>
  <testcase classname="Add Supplier Feature in Admin Page" name="EMPTY_NAME" time="12.801"/>
  <testcase classname="Boats Menu Feature in Admin Page" name="EMPTY_NAME" time="15.784"/>
  <testcase classname="Boats Menu Feature in Admin Page" name="EMPTY_NAME" time="9.021"/>
  <testcase classname="Boats Menu Feature in Admin Page" name="EMPTY_NAME" time="9.628"/>
  <testcase classname="Boats Menu Feature in Admin Page" name="EMPTY_NAME" time="8.862"/>
  <testcase classname="Boats Menu Feature in Admin Page" name="EMPTY_NAME" time="10.034"/>
  <testcase classname="Hotels Menu Feature in Admin Page" name="EMPTY_NAME" time="9.478"/>
  <testcase classname="Hotels Menu Feature in Admin Page" name="EMPTY_NAME" time="9.277"/>
  <testcase classname="Hotels Menu Feature in Admin Page" name="EMPTY_NAME" time="9.905"/>
  <testcase classname="Hotels Menu Feature in Admin Page" name="EMPTY_NAME" time="9.52"/>
  <testcase classname="Hotels Menu Feature in Admin Page" name="EMPTY_NAME" time="9.139"/>
  <testcase classname="Rentals Menu Feature in Admin Page" name="EMPTY_NAME" time="9.329"/>
  <testcase classname="Rentals Menu Feature in Admin Page" name="EMPTY_NAME" time="8.971"/>
  <testcase classname="Rentals Menu Feature in Admin Page" name="EMPTY_NAME" time="9.872"/>
  <testcase classname="Rentals Menu Feature in Admin Page" name="EMPTY_NAME" time="10.433"/>
</testsuite>